# JRE version: Java(TM) SE Runtime Environment (24.0.1+9) (build 24.0.1+9-30)
# Java VM: Java HotSpot(TM) 64-Bit Server VM (24.0.1+9-30, mixed mode, sharing, tiered, compressed oops, compressed class ptrs, g1 gc, windows-amd64)
GC Precious Log:
 CardTable entry size: 512
 Card Set container configuration: InlinePtr #cards 5 size 8 Array Of Cards #cards 10 size 36 Howl #buckets 4 coarsen threshold 1843 Howl Bitmap #cards 512 size 80 coarsen threshold 460 Card regions per heap region 1 cards per card region 2048
 CPUs: 8 total, 8 available
 Memory: 5877M
 Large Page Support: Disabled
 NUMA Support: Disabled
 Compressed Oops: Enabled (32-bit)
 Heap Region Size: 1M
 Heap Min Capacity: 8M
 Heap Initial Capacity: 92M
 Heap Max Capacity: 1470M
 Pre-touch: Disabled
 Parallel Workers: 8
 Concurrent Workers: 2
 Concurrent Refinement Workers: 8
 Periodic GC: Disabled
Heap:
 garbage-first heap   total reserved 1505280K, committed 119808K, used 76300K [0x00000000a4200000, 0x0000000100000000)
  region size 1024K, 35 young (35840K), 2 survivors (2048K)
 Metaspace       used 30347K, committed 30784K, reserved 1114112K
  class space    used 2943K, committed 3136K, reserved 1048576K
GC Heap History (20 events):
Event: 7.639 GC heap before
{Heap before GC invocations=6 (full 0):
 garbage-first heap   total reserved 1505280K, committed 59392K, used 45160K [0x00000000a4200000, 0x0000000100000000)
  region size 1024K, 22 young (22528K), 4 survivors (4096K)
 Metaspace       used 25251K, committed 25600K, reserved 1114112K
  class space    used 2458K, committed 2624K, reserved 1048576K
}
Event: 7.648 GC heap after
{Heap after GC invocations=7 (full 0):
 garbage-first heap   total reserved 1505280K, committed 59392K, used 33280K [0x00000000a4200000, 0x0000000100000000)
  region size 1024K, 3 young (3072K), 3 survivors (3072K)
 Metaspace       used 25251K, committed 25600K, reserved 1114112K
  class space    used 2458K, committed 2624K, reserved 1048576K
}
Event: 8.115 GC heap before
{Heap before GC invocations=7 (full 0):
 garbage-first heap   total reserved 1505280K, committed 59392K, used 48640K [0x00000000a4200000, 0x0000000100000000)
  region size 1024K, 18 young (18432K), 3 survivors (3072K)
 Metaspace       used 25400K, committed 25728K, reserved 1114112K
  class space    used 2474K, committed 2624K, reserved 1048576K
}
Event: 8.126 GC heap after
{Heap after GC invocations=8 (full 0):
 garbage-first heap   total reserved 1505280K, committed 59392K, used 37888K [0x00000000a4200000, 0x0000000100000000)
  region size 1024K, 3 young (3072K), 3 survivors (3072K)
 Metaspace       used 25400K, committed 25728K, reserved 1114112K
  class space    used 2474K, committed 2624K, reserved 1048576K
}
Event: 8.305 GC heap before
{Heap before GC invocations=9 (full 0):
 garbage-first heap   total reserved 1505280K, committed 63488K, used 50176K [0x00000000a4200000, 0x0000000100000000)
  region size 1024K, 15 young (15360K), 3 survivors (3072K)
 Metaspace       used 25709K, committed 26048K, reserved 1114112K
  class space    used 2506K, committed 2624K, reserved 1048576K
}
Event: 8.315 GC heap after
{Heap after GC invocations=10 (full 0):
 garbage-first heap   total reserved 1505280K, committed 63488K, used 40376K [0x00000000a4200000, 0x0000000100000000)
  region size 1024K, 2 young (2048K), 2 survivors (2048K)
 Metaspace       used 25709K, committed 26048K, reserved 1114112K
  class space    used 2506K, committed 2624K, reserved 1048576K
}
Event: 8.768 GC heap before
{Heap before GC invocations=10 (full 0):
 garbage-first heap   total reserved 1505280K, committed 63488K, used 55736K [0x00000000a4200000, 0x0000000100000000)
  region size 1024K, 15 young (15360K), 2 survivors (2048K)
 Metaspace       used 26701K, committed 27072K, reserved 1114112K
  class space    used 2637K, committed 2816K, reserved 1048576K
}
Event: 8.777 GC heap after
{Heap after GC invocations=11 (full 0):
 garbage-first heap   total reserved 1505280K, committed 63488K, used 40960K [0x00000000a4200000, 0x0000000100000000)
  region size 1024K, 2 young (2048K), 2 survivors (2048K)
 Metaspace       used 26701K, committed 27072K, reserved 1114112K
  class space    used 2637K, committed 2816K, reserved 1048576K
}
Event: 8.891 GC heap before
{Heap before GC invocations=11 (full 0):
 garbage-first heap   total reserved 1505280K, committed 63488K, used 48128K [0x00000000a4200000, 0x0000000100000000)
  region size 1024K, 10 young (10240K), 2 survivors (2048K)
 Metaspace       used 26717K, committed 27136K, reserved 1114112K
  class space    used 2637K, committed 2816K, reserved 1048576K
}
Event: 8.895 GC heap after
{Heap after GC invocations=12 (full 0):
 garbage-first heap   total reserved 1505280K, committed 90112K, used 40825K [0x00000000a4200000, 0x0000000100000000)
  region size 1024K, 2 young (2048K), 2 survivors (2048K)
 Metaspace       used 26717K, committed 27136K, reserved 1114112K
  class space    used 2637K, committed 2816K, reserved 1048576K
}
Event: 8.901 GC heap before
{Heap before GC invocations=12 (full 0):
 garbage-first heap   total reserved 1505280K, committed 90112K, used 42873K [0x00000000a4200000, 0x0000000100000000)
  region size 1024K, 4 young (4096K), 2 survivors (2048K)
 Metaspace       used 26717K, committed 27136K, reserved 1114112K
  class space    used 2637K, committed 2816K, reserved 1048576K
}
Event: 8.904 GC heap after
{Heap after GC invocations=13 (full 0):
 garbage-first heap   total reserved 1505280K, committed 90112K, used 43186K [0x00000000a4200000, 0x0000000100000000)
  region size 1024K, 3 young (3072K), 3 survivors (3072K)
 Metaspace       used 26717K, committed 27136K, reserved 1114112K
  class space    used 2637K, committed 2816K, reserved 1048576K
}
Event: 9.424 GC heap before
{Heap before GC invocations=14 (full 0):
 garbage-first heap   total reserved 1505280K, committed 90112K, used 63666K [0x00000000a4200000, 0x0000000100000000)
  region size 1024K, 23 young (23552K), 3 survivors (3072K)
 Metaspace       used 26794K, committed 27200K, reserved 1114112K
  class space    used 2639K, committed 2816K, reserved 1048576K
}
Event: 9.433 GC heap after
{Heap after GC invocations=15 (full 0):
 garbage-first heap   total reserved 1505280K, committed 90112K, used 52051K [0x00000000a4200000, 0x0000000100000000)
  region size 1024K, 3 young (3072K), 3 survivors (3072K)
 Metaspace       used 26794K, committed 27200K, reserved 1114112K
  class space    used 2639K, committed 2816K, reserved 1048576K
}
Event: 9.615 GC heap before
{Heap before GC invocations=15 (full 0):
 garbage-first heap   total reserved 1505280K, committed 90112K, used 69459K [0x00000000a4200000, 0x0000000100000000)
  region size 1024K, 20 young (20480K), 3 survivors (3072K)
 Metaspace       used 26797K, committed 27200K, reserved 1114112K
  class space    used 2639K, committed 2816K, reserved 1048576K
}
Event: 9.623 GC heap after
{Heap after GC invocations=16 (full 0):
 garbage-first heap   total reserved 1505280K, committed 90112K, used 47986K [0x00000000a4200000, 0x0000000100000000)
  region size 1024K, 3 young (3072K), 3 survivors (3072K)
 Metaspace       used 26797K, committed 27200K, reserved 1114112K
  class space    used 2639K, committed 2816K, reserved 1048576K
}
Event: 10.016 GC heap before
{Heap before GC invocations=16 (full 0):
 garbage-first heap   total reserved 1505280K, committed 90112K, used 67442K [0x00000000a4200000, 0x0000000100000000)
  region size 1024K, 22 young (22528K), 3 survivors (3072K)
 Metaspace       used 26974K, committed 27456K, reserved 1114112K
  class space    used 2657K, committed 2880K, reserved 1048576K
}
Event: 10.034 GC heap after
{Heap after GC invocations=17 (full 0):
 garbage-first heap   total reserved 1505280K, committed 90112K, used 48640K [0x00000000a4200000, 0x0000000100000000)
  region size 1024K, 3 young (3072K), 3 survivors (3072K)
 Metaspace       used 26974K, committed 27456K, reserved 1114112K
  class space    used 2657K, committed 2880K, reserved 1048576K
}
Event: 10.643 GC heap before
{Heap before GC invocations=17 (full 0):
 garbage-first heap   total reserved 1505280K, committed 90112K, used 69120K [0x00000000a4200000, 0x0000000100000000)
  region size 1024K, 23 young (23552K), 3 survivors (3072K)
 Metaspace       used 27252K, committed 27648K, reserved 1114112K
  class space    used 2677K, committed 2880K, reserved 1048576K
}
Event: 10.655 GC heap after
{Heap after GC invocations=18 (full 0):
 garbage-first heap   total reserved 1505280K, committed 119808K, used 47628K [0x00000000a4200000, 0x0000000100000000)
  region size 1024K, 2 young (2048K), 2 survivors (2048K)
 Metaspace       used 27252K, committed 27648K, reserved 1114112K
  class space    used 2677K, committed 2880K, reserved 1048576K
}

