<?xml version="1.0" encoding="UTF-8"?>
<testng-results ignored="0" total="9" passed="9" failed="0" skipped="0">
  <reporter-output>
  </reporter-output>
  <suite started-at="2025-07-23T23:37:16 WIB" name="Swaglabs eCommerce Suite" finished-at="2025-07-23T23:39:21 WIB" duration-ms="125094">
    <groups>
    </groups>
    <test started-at="2025-07-23T23:37:16 WIB" name="Authentication Test" finished-at="2025-07-23T23:39:21 WIB" duration-ms="125094">
      <class name="com.juaracoding.ecom.AddToCartTest">
        <test-method signature="addToCartTest()[pri:0, instance:com.juaracoding.ecom.AddToCartTest@5c30a9b0]" started-at="2025-07-23T23:39:03 WIB" name="addToCartTest" finished-at="2025-07-23T23:39:21 WIB" duration-ms="17464" status="PASS">
          <reporter-output>
          </reporter-output>
        </test-method> <!-- addToCartTest -->
      </class> <!-- com.juaracoding.ecom.AddToCartTest -->
      <class name="com.juaracoding.ecom.InventoryTest">
        <test-method signature="productDisplayTest()[pri:0, instance:com.juaracoding.ecom.InventoryTest@635eaaf1]" started-at="2025-07-23T23:38:24 WIB" name="productDisplayTest" finished-at="2025-07-23T23:38:43 WIB" duration-ms="19154" status="PASS">
          <reporter-output>
          </reporter-output>
        </test-method> <!-- productDisplayTest -->
        <test-method signature="productSortFeatureTest()[pri:0, instance:com.juaracoding.ecom.InventoryTest@635eaaf1]" started-at="2025-07-23T23:38:43 WIB" name="productSortFeatureTest" finished-at="2025-07-23T23:39:03 WIB" duration-ms="20086" status="PASS">
          <reporter-output>
          </reporter-output>
        </test-method> <!-- productSortFeatureTest -->
      </class> <!-- com.juaracoding.ecom.InventoryTest -->
      <class name="com.juaracoding.ecom.AuthenticationTest">
        <test-method signature="loginTest(java.lang.String,java.lang.String,java.lang.String)[pri:0, instance:com.juaracoding.ecom.AuthenticationTest@48ae9b55]" started-at="2025-07-23T23:37:17 WIB" name="loginTest" data-provider="loginDataProvider" finished-at="2025-07-23T23:37:39 WIB" duration-ms="22320" status="PASS">
          <params>
            <param index="0">
              <value>
                <![CDATA[standard_user]]>
              </value>
            </param>
            <param index="1">
              <value>
                <![CDATA[secret_sauce]]>
              </value>
            </param>
            <param index="2">
              <value>
                <![CDATA[https://www.saucedemo.com/v1/inventory.html]]>
              </value>
            </param>
          </params>
          <reporter-output>
          </reporter-output>
        </test-method> <!-- loginTest -->
        <test-method signature="loginTest(java.lang.String,java.lang.String,java.lang.String)[pri:0, instance:com.juaracoding.ecom.AuthenticationTest@48ae9b55]" started-at="2025-07-23T23:37:39 WIB" name="loginTest" data-provider="loginDataProvider" finished-at="2025-07-23T23:37:50 WIB" duration-ms="11238" status="PASS">
          <params>
            <param index="0">
              <value>
                <![CDATA[problem_user]]>
              </value>
            </param>
            <param index="1">
              <value>
                <![CDATA[secret_sauce]]>
              </value>
            </param>
            <param index="2">
              <value>
                <![CDATA[https://www.saucedemo.com/v1/inventory.html]]>
              </value>
            </param>
          </params>
          <reporter-output>
          </reporter-output>
        </test-method> <!-- loginTest -->
        <test-method signature="loginTest(java.lang.String,java.lang.String,java.lang.String)[pri:0, instance:com.juaracoding.ecom.AuthenticationTest@48ae9b55]" started-at="2025-07-23T23:37:50 WIB" name="loginTest" data-provider="loginDataProvider" finished-at="2025-07-23T23:38:00 WIB" duration-ms="9898" status="PASS">
          <params>
            <param index="0">
              <value>
                <![CDATA[jonosebastian]]>
              </value>
            </param>
            <param index="1">
              <value>
                <![CDATA[secret_sauce]]>
              </value>
            </param>
            <param index="2">
              <value>
                <![CDATA[Epic sadface: Username and password do not match any user in this service]]>
              </value>
            </param>
          </params>
          <reporter-output>
          </reporter-output>
        </test-method> <!-- loginTest -->
        <test-method signature="loginTest(java.lang.String,java.lang.String,java.lang.String)[pri:0, instance:com.juaracoding.ecom.AuthenticationTest@48ae9b55]" started-at="2025-07-23T23:38:00 WIB" name="loginTest" data-provider="loginDataProvider" finished-at="2025-07-23T23:38:11 WIB" duration-ms="10588" status="PASS">
          <params>
            <param index="0">
              <value>
                <![CDATA[standard_user]]>
              </value>
            </param>
            <param index="1">
              <value>
                <![CDATA[secret_sambel]]>
              </value>
            </param>
            <param index="2">
              <value>
                <![CDATA[Epic sadface: Username and password do not match any user in this service]]>
              </value>
            </param>
          </params>
          <reporter-output>
          </reporter-output>
        </test-method> <!-- loginTest -->
        <test-method signature="loginTest(java.lang.String,java.lang.String,java.lang.String)[pri:0, instance:com.juaracoding.ecom.AuthenticationTest@48ae9b55]" started-at="2025-07-23T23:38:11 WIB" name="loginTest" data-provider="loginDataProvider" finished-at="2025-07-23T23:38:17 WIB" duration-ms="6460" status="PASS">
          <params>
            <param index="0">
              <value>
                <![CDATA[standard_user]]>
              </value>
            </param>
            <param index="1">
              <value>
                <![CDATA[]]>
              </value>
            </param>
            <param index="2">
              <value>
                <![CDATA[Epic sadface: Password is required]]>
              </value>
            </param>
          </params>
          <reporter-output>
          </reporter-output>
        </test-method> <!-- loginTest -->
        <test-method signature="loginTest(java.lang.String,java.lang.String,java.lang.String)[pri:0, instance:com.juaracoding.ecom.AuthenticationTest@48ae9b55]" started-at="2025-07-23T23:38:17 WIB" name="loginTest" data-provider="loginDataProvider" finished-at="2025-07-23T23:38:24 WIB" duration-ms="6821" status="PASS">
          <params>
            <param index="0">
              <value>
                <![CDATA[]]>
              </value>
            </param>
            <param index="1">
              <value>
                <![CDATA[secret_sauce]]>
              </value>
            </param>
            <param index="2">
              <value>
                <![CDATA[Epic sadface: Username is required]]>
              </value>
            </param>
          </params>
          <reporter-output>
          </reporter-output>
        </test-method> <!-- loginTest -->
      </class> <!-- com.juaracoding.ecom.AuthenticationTest -->
    </test> <!-- Authentication Test -->
  </suite> <!-- Swaglabs eCommerce Suite -->
</testng-results>
