<?xml version="1.0" encoding="UTF-8"?>
<testng-results ignored="0" total="6" passed="6" failed="0" skipped="0">
  <reporter-output>
  </reporter-output>
  <suite started-at="2025-07-16T22:01:06 WIB" name="Swaglabs eCommerce Suite" finished-at="2025-07-16T22:02:37 WIB" duration-ms="90801">
    <groups>
    </groups>
    <test started-at="2025-07-16T22:01:06 WIB" name="Automation Test" finished-at="2025-07-16T22:02:37 WIB" duration-ms="90801">
      <class name="com.juaracoding.ecom.AuthenticationTest">
        <test-method signature="loginTest(java.lang.String,java.lang.String)[pri:0, instance:com.juaracoding.ecom.AuthenticationTest@21de60b4]" started-at="2025-07-16T22:01:08 WIB" name="loginTest" data-provider="loginDataProvider" finished-at="2025-07-16T22:01:33 WIB" duration-ms="25546" status="PASS">
          <params>
            <param index="0">
              <value>
                <![CDATA[standard_user]]>
              </value>
            </param>
            <param index="1">
              <value>
                <![CDATA[secret_sauce]]>
              </value>
            </param>
          </params>
          <reporter-output>
          </reporter-output>
        </test-method> <!-- loginTest -->
        <test-method signature="loginTest(java.lang.String,java.lang.String)[pri:0, instance:com.juaracoding.ecom.AuthenticationTest@21de60b4]" started-at="2025-07-16T22:01:33 WIB" name="loginTest" data-provider="loginDataProvider" finished-at="2025-07-16T22:01:50 WIB" duration-ms="16479" status="PASS">
          <params>
            <param index="0">
              <value>
                <![CDATA[problem_user]]>
              </value>
            </param>
            <param index="1">
              <value>
                <![CDATA[secret_sauce]]>
              </value>
            </param>
          </params>
          <reporter-output>
          </reporter-output>
        </test-method> <!-- loginTest -->
        <test-method signature="loginWithInvalidPassword()[pri:0, instance:com.juaracoding.ecom.AuthenticationTest@21de60b4]" started-at="2025-07-16T22:01:50 WIB" name="loginWithInvalidPassword" finished-at="2025-07-16T22:02:02 WIB" duration-ms="12593" status="PASS">
          <reporter-output>
          </reporter-output>
        </test-method> <!-- loginWithInvalidPassword -->
        <test-method signature="loginWithInvalidUsername()[pri:0, instance:com.juaracoding.ecom.AuthenticationTest@21de60b4]" started-at="2025-07-16T22:02:02 WIB" name="loginWithInvalidUsername" finished-at="2025-07-16T22:02:15 WIB" duration-ms="12439" status="PASS">
          <reporter-output>
          </reporter-output>
        </test-method> <!-- loginWithInvalidUsername -->
        <test-method signature="loginWithoutPassword()[pri:0, instance:com.juaracoding.ecom.AuthenticationTest@21de60b4]" started-at="2025-07-16T22:02:15 WIB" name="loginWithoutPassword" finished-at="2025-07-16T22:02:26 WIB" duration-ms="11649" status="PASS">
          <reporter-output>
          </reporter-output>
        </test-method> <!-- loginWithoutPassword -->
        <test-method signature="loginWithoutUsername()[pri:0, instance:com.juaracoding.ecom.AuthenticationTest@21de60b4]" started-at="2025-07-16T22:02:26 WIB" name="loginWithoutUsername" finished-at="2025-07-16T22:02:37 WIB" duration-ms="10833" status="PASS">
          <reporter-output>
          </reporter-output>
        </test-method> <!-- loginWithoutUsername -->
      </class> <!-- com.juaracoding.ecom.AuthenticationTest -->
    </test> <!-- Automation Test -->
  </suite> <!-- Swaglabs eCommerce Suite -->
</testng-results>
