<?xml version="1.0" encoding="UTF-8"?>
<!-- Generated by org.testng.reporters.JUnitXMLReporter -->
<testsuite ignored="0" hostname="Raga" failures="0" tests="6" name="Authentication Test" time="54.067" errors="0" timestamp="2025-07-21T22:56:28 WIB">
  <testcase classname="com.juaracoding.ecom.AuthenticationTest" name="loginTest" time="19.441"/>
  <testcase classname="com.juaracoding.ecom.AuthenticationTest" name="loginTest" time="9.218"/>
  <testcase classname="com.juaracoding.ecom.AuthenticationTest" name="loginTest" time="6.034"/>
  <testcase classname="com.juaracoding.ecom.AuthenticationTest" name="loginTest" time="5.9"/>
  <testcase classname="com.juaracoding.ecom.AuthenticationTest" name="loginTest" time="5.914"/>
  <testcase classname="com.juaracoding.ecom.AuthenticationTest" name="loginTest" time="6.668"/>
</testsuite> <!-- Authentication Test -->
