<?xml version="1.0" encoding="UTF-8"?>
<!-- Generated by org.testng.reporters.JUnitXMLReporter -->
<testsuite ignored="0" hostname="Raga" failures="0" tests="9" name="Authentication Test" time="115.431" errors="0" timestamp="2025-07-23T23:50:05 WIB">
  <testcase classname="com.juaracoding.ecom.AuthenticationTest" name="loginTest" time="21.653"/>
  <testcase classname="com.juaracoding.ecom.AuthenticationTest" name="loginTest" time="11.245"/>
  <testcase classname="com.juaracoding.ecom.AuthenticationTest" name="loginTest" time="7.121"/>
  <testcase classname="com.juaracoding.ecom.AuthenticationTest" name="loginTest" time="7.671"/>
  <testcase classname="com.juaracoding.ecom.AuthenticationTest" name="loginTest" time="7.189"/>
  <testcase classname="com.juaracoding.ecom.AuthenticationTest" name="loginTest" time="7.791"/>
  <testcase classname="com.juaracoding.ecom.InventoryTest" name="productDisplayTest" time="16.647"/>
  <testcase classname="com.juaracoding.ecom.InventoryTest" name="productSortFeatureTest" time="17.246"/>
  <testcase classname="com.juaracoding.ecom.AddToCartTest" name="addToCartTest" time="17.892"/>
</testsuite> <!-- Authentication Test -->
