<?xml version="1.0" encoding="UTF-8"?>
<!-- Generated by org.testng.reporters.JUnitXMLReporter -->
<testsuite ignored="0" hostname="Raga" failures="0" tests="2" name="Drag Drop and Resizing Test" time="17.873" errors="0" timestamp="2025-07-21T22:56:46 WIB">
  <testcase classname="com.juaracoding.ecom.DragDropTest" name="dragElementTest" time="8.443"/>
  <testcase classname="com.juaracoding.ecom.DragDropTest" name="resizeElementTest" time="9.423"/>
</testsuite> <!-- Drag Drop and Resizing Test -->
