<?xml version="1.0" encoding="UTF-8"?>
<!-- Generated by org.testng.reporters.JUnitXMLReporter -->
<testsuite ignored="0" hostname="Raga" failures="0" tests="2" name="Drag Drop and Resizing Test" time="18.204" errors="0" timestamp="2025-07-21T21:13:49 WIB">
  <testcase classname="com.juaracoding.ecom.DragDropTest" name="dragElementTest" time="8.452"/>
  <testcase classname="com.juaracoding.ecom.DragDropTest" name="resizeElementTest" time="9.749"/>
</testsuite> <!-- Drag Drop and Resizing Test -->
