<?xml version="1.0" encoding="UTF-8"?>
<!-- Generated by org.testng.reporters.JUnitXMLReporter -->
<testsuite ignored="1" hostname="Raga" failures="0" tests="1" name="Inventory or Product Test" time="25.32" errors="0" timestamp="2025-07-18T21:20:46 WIB">
  <testcase classname="com.juaracoding.ecom.DragDropTest" name="resizeElementTest" time="25.232"/>
  <testcase classname="com.juaracoding.ecom.DragDropTest" name="dragElementTest" time="0.0">
    <ignored/>
  </testcase> <!-- dragElementTest -->
</testsuite> <!-- Inventory or Product Test -->
